0 info it worked if it ends with ok
1 verbose cli [ '/usr/bin/nodejs', '/usr/bin/npm', 'update', '-g', 'bower' ]
2 info using npm@1.4.21
3 info using node@v0.10.29
4 verbose request where is /bower
5 verbose request registry https://registry.npmjs.org/
6 verbose request id 3b0b68eb08f3b15b
7 verbose url raw /bower
8 verbose url resolving [ 'https://registry.npmjs.org/', './bower' ]
9 verbose url resolved https://registry.npmjs.org/bower
10 verbose request where is https://registry.npmjs.org/bower
11 info trying registry request attempt 1 at 14:49:28
12 verbose etag "KM9SSBHSCW7E4F0YW0VTTX76"
13 http GET https://registry.npmjs.org/bower
14 info retry will retry, error on last attempt: Error: getaddrinfo ENOTFOUND
15 info trying registry request attempt 2 at 14:49:48
16 verbose etag "KM9SSBHSCW7E4F0YW0VTTX76"
17 http GET https://registry.npmjs.org/bower
18 info retry will retry, error on last attempt: Error: getaddrinfo ENOTFOUND
19 info trying registry request attempt 3 at 14:50:58
20 verbose etag "KM9SSBHSCW7E4F0YW0VTTX76"
21 http GET https://registry.npmjs.org/bower
22 http 304 https://registry.npmjs.org/bower
23 silly registry.get cb [ 304,
23 silly registry.get   { date: 'Wed, 15 Apr 2015 12:54:17 GMT',
23 silly registry.get     server: 'Apache',
23 silly registry.get     via: '1.1 varnish',
23 silly registry.get     'last-modified': 'Wed, 15 Apr 2015 12:54:14 GMT',
23 silly registry.get     'cache-control': 'max-age=60',
23 silly registry.get     etag: '"KM9SSBHSCW7E4F0YW0VTTX76"',
23 silly registry.get     age: '7',
23 silly registry.get     'x-served-by': 'cache-fra1229-FRA',
23 silly registry.get     'x-cache': 'HIT',
23 silly registry.get     'x-cache-hits': '2',
23 silly registry.get     'x-timer': 'S1429102457.768464,VS0,VE0',
23 silly registry.get     vary: 'Accept',
23 silly registry.get     'content-length': '0',
23 silly registry.get     'keep-alive': 'timeout=10, max=50',
23 silly registry.get     connection: 'Keep-Alive' } ]
24 verbose etag https://registry.npmjs.org/bower from cache
25 info outdated updating [ [ '/usr/local/lib', 'bower', '1.3.12', '1.4.1', '1.4.1', 'latest' ] ]
26 verbose install where,what [ '/usr/local/lib', [ 'bower@1.4.1' ] ]
27 verbose cache add [ 'bower@1.4.1', null ]
28 verbose cache add name=undefined spec="bower@1.4.1" args=["bower@1.4.1",null]
29 verbose parsed url { protocol: null,
29 verbose parsed url   slashes: null,
29 verbose parsed url   auth: null,
29 verbose parsed url   host: null,
29 verbose parsed url   port: null,
29 verbose parsed url   hostname: null,
29 verbose parsed url   hash: null,
29 verbose parsed url   search: null,
29 verbose parsed url   query: null,
29 verbose parsed url   pathname: 'bower@1.4.1',
29 verbose parsed url   path: 'bower@1.4.1',
29 verbose parsed url   href: 'bower@1.4.1' }
30 verbose cache add name="bower" spec="1.4.1" args=["bower","1.4.1"]
31 verbose parsed url { protocol: null,
31 verbose parsed url   slashes: null,
31 verbose parsed url   auth: null,
31 verbose parsed url   host: null,
31 verbose parsed url   port: null,
31 verbose parsed url   hostname: null,
31 verbose parsed url   hash: null,
31 verbose parsed url   search: null,
31 verbose parsed url   query: null,
31 verbose parsed url   pathname: '1.4.1',
31 verbose parsed url   path: '1.4.1',
31 verbose parsed url   href: '1.4.1' }
32 verbose addNamed [ 'bower', '1.4.1' ]
33 verbose addNamed [ '1.4.1', '1.4.1' ]
34 silly lockFile 185f46c0-bower-1-4-1 bower@1.4.1
35 verbose lock bower@1.4.1 /home/webdev/.npm/185f46c0-bower-1-4-1.lock
36 verbose registry.get https://registry.npmjs.org/bower not expired, no request
37 silly lockFile 185f46c0-bower-1-4-1 bower@1.4.1
38 silly lockFile 185f46c0-bower-1-4-1 bower@1.4.1
39 silly resolved [ { name: 'bower',
39 silly resolved     version: '1.4.1',
39 silly resolved     description: 'The browser package manager',
39 silly resolved     author: { name: 'Twitter' },
39 silly resolved     licenses: [ [Object] ],
39 silly resolved     repository: { type: 'git', url: 'https://github.com/bower/bower' },
39 silly resolved     main: 'lib',
39 silly resolved     homepage: 'http://bower.io',
39 silly resolved     engines: { node: '>=0.10.0' },
39 silly resolved     dependencies:
39 silly resolved      { abbrev: '^1.0.5',
39 silly resolved        archy: '1.0.0',
39 silly resolved        'bower-config': '^0.6.1',
39 silly resolved        'bower-endpoint-parser': '^0.2.2',
39 silly resolved        'bower-json': '^0.4.0',
39 silly resolved        'bower-logger': '^0.2.2',
39 silly resolved        'bower-registry-client': '^0.3.0',
39 silly resolved        cardinal: '0.4.4',
39 silly resolved        chalk: '^1.0.0',
39 silly resolved        chmodr: '0.1.0',
39 silly resolved        configstore: '^0.3.2',
39 silly resolved        'decompress-zip': '^0.1.0',
39 silly resolved        fstream: '^1.0.3',
39 silly resolved        'fstream-ignore': '^1.0.2',
39 silly resolved        github: '^0.2.3',
39 silly resolved        glob: '^4.3.2',
39 silly resolved        'graceful-fs': '^3.0.5',
39 silly resolved        handlebars: '^2.0.0',
39 silly resolved        inquirer: '0.8.0',
39 silly resolved        insight: '^0.5.0',
39 silly resolved        'is-root': '^1.0.0',
39 silly resolved        junk: '^1.0.0',
39 silly resolved        lockfile: '^1.0.0',
39 silly resolved        'lru-cache': '^2.5.0',
39 silly resolved        mkdirp: '0.5.0',
39 silly resolved        mout: '^0.11.0',
39 silly resolved        nopt: '^3.0.1',
39 silly resolved        opn: '^1.0.1',
39 silly resolved        'p-throttler': '0.1.1',
39 silly resolved        promptly: '0.2.0',
39 silly resolved        q: '^1.1.2',
39 silly resolved        request: '2.53.0',
39 silly resolved        'request-progress': '0.3.1',
39 silly resolved        retry: '0.6.1',
39 silly resolved        rimraf: '^2.2.8',
39 silly resolved        semver: '^2.3.0',
39 silly resolved        'shell-quote': '^1.4.2',
39 silly resolved        'stringify-object': '^1.0.0',
39 silly resolved        'tar-fs': '^1.4.1',
39 silly resolved        tmp: '0.0.24',
39 silly resolved        'update-notifier': '^0.3.0',
39 silly resolved        'user-home': '^1.1.0',
39 silly resolved        which: '^1.0.8' },
39 silly resolved     devDependencies:
39 silly resolved      { chai: '^1.10.0',
39 silly resolved        coveralls: '^2.11.2',
39 silly resolved        'expect.js': '^0.3.1',
39 silly resolved        grunt: '^0.4.5',
39 silly resolved        'grunt-cli': '^0.1.13',
39 silly resolved        'grunt-contrib-jshint': '^0.10.0',
39 silly resolved        'grunt-contrib-watch': '^0.6.1',
39 silly resolved        'grunt-exec': '^0.4.6',
39 silly resolved        'grunt-simple-mocha': '^0.4.0',
39 silly resolved        istanbul: '^0.3.5',
39 silly resolved        'load-grunt-tasks': '^2.0.0',
39 silly resolved        mocha: '^2.1.0',
39 silly resolved        multiline: '^1.0.2',
39 silly resolved        nock: '^0.56.0',
39 silly resolved        'node-uuid': '^1.4.2',
39 silly resolved        proxyquire: '^1.3.0',
39 silly resolved        'spawn-sync': '^1.0.5' },
39 silly resolved     scripts: { test: 'grunt test' },
39 silly resolved     bin: { bower: 'bin/bower' },
39 silly resolved     preferGlobal: true,
39 silly resolved     gitHead: 'a1287416d40f944d58cb8f2e774e2076bfffd32f',
39 silly resolved     bugs: { url: 'https://github.com/bower/bower/issues' },
39 silly resolved     _id: 'bower@1.4.1',
39 silly resolved     _shasum: 'a18be39d030792754f30f1c5b32d37b0156ba8dd',
39 silly resolved     _from: 'bower@1.4.1',
39 silly resolved     _npmVersion: '2.7.4',
39 silly resolved     _nodeVersion: '0.12.0',
39 silly resolved     _npmUser: { name: 'sheerun', email: 'sheerun@sher.pl' },
39 silly resolved     maintainers: [ [Object], [Object], [Object], [Object], [Object], [Object] ],
39 silly resolved     dist:
39 silly resolved      { shasum: 'a18be39d030792754f30f1c5b32d37b0156ba8dd',
39 silly resolved        tarball: 'http://registry.npmjs.org/bower/-/bower-1.4.1.tgz' },
39 silly resolved     directories: {},
39 silly resolved     _resolved: 'https://registry.npmjs.org/bower/-/bower-1.4.1.tgz',
39 silly resolved     readme: 'ERROR: No README data found!' } ]
40 info install bower@1.4.1 into /usr/local/lib
41 info installOne bower@1.4.1
42 verbose lib/node_modules/bower unbuild
43 info preuninstall bower@1.3.12
44 info uninstall bower@1.3.12
45 verbose true,/usr/local/lib/node_modules,/usr/local/lib/node_modules unbuild bower@1.3.12
46 verbose /usr/local/bin,[object Object] binRoot
47 verbose lib/node_modules/bower unbuild
48 info preuninstall bower@1.3.12
49 info uninstall bower@1.3.12
50 verbose true,/usr/local/lib/node_modules,/usr/local/lib/node_modules unbuild bower@1.3.12
51 verbose /usr/local/bin,[object Object] binRoot
52 error error rolling back Error: EACCES, unlink '/usr/local/bin/bower'
52 error error rolling back  bower@1.4.1 { [Error: EACCES, unlink '/usr/local/bin/bower'] errno: 3, code: 'EACCES', path: '/usr/local/bin/bower' }
53 error Error: EACCES, unlink '/usr/local/bin/bower'
53 error  { [Error: EACCES, unlink '/usr/local/bin/bower'] errno: 3, code: 'EACCES', path: '/usr/local/bin/bower' }
54 error Please try running this command again as root/Administrator.
55 error System Linux 3.16.0-4-amd64
56 error command "/usr/bin/nodejs" "/usr/bin/npm" "update" "-g" "bower"
57 error cwd /home/webdev/www/Annuaire
58 error node -v v0.10.29
59 error npm -v 1.4.21
60 error path /usr/local/bin/bower
61 error code EACCES
62 error errno 3
63 error stack Error: EACCES, unlink '/usr/local/bin/bower'
64 verbose exit [ 3, true ]
